FastTree Version 2.1.11 SSE3, OpenMP (192 threads)
Alignment: coral-microbiome.trimmed.aln
Nucleotide distances: Jukes-Cantor Joins: balanced Support: SH-like 1000
Search: Exhaustive (slow) +NNI +SPR (2 rounds range 10) +ML-NNI opt-each=1
TopHits: no
ML Model: Generalized Time-Reversible, CAT approximation with 20 rate categories
Ignored unknown character b (seen 2 times)
Ignored unknown character k (seen 4 times)
Ignored unknown character m (seen 2 times)
Ignored unknown character n (seen 158 times)
Ignored unknown character r (seen 13 times)
Ignored unknown character s (seen 6 times)
Ignored unknown character u (seen 310070 times)
Ignored unknown character w (seen 4 times)
Ignored unknown character y (seen 12 times)
    127.17 seconds: Joined    100 of   1055
    257.67 seconds: Joined    200 of   1055
    384.70 seconds: Joined    300 of   1055
    496.23 seconds: Joined    400 of   1055
    593.17 seconds: Joined    500 of   1055
    669.19 seconds: Joined    600 of   1055
    725.11 seconds: Joined    700 of   1055
    763.04 seconds: Joined    800 of   1055
    783.64 seconds: Joined    900 of   1055
    790.74 seconds: Joined   1000 of   1055
Initial topology in 791.22 seconds
Refining topology: 40 rounds ME-NNIs, 2 rounds ME-SPRs, 20 rounds ML-NNIs
    791.21 seconds: ME NNI round 1 of 40, 1 of 1056 splits
    791.34 seconds: ME NNI round 1 of 40, 401 of 1056 splits, 77 changes (max delta 0.014)
    791.45 seconds: ME NNI round 1 of 40, 701 of 1056 splits, 140 changes (max delta 0.014)
    791.56 seconds: ME NNI round 2 of 40, 1 of 1056 splits
    791.66 seconds: ME NNI round 2 of 40, 501 of 1056 splits, 42 changes (max delta 0.015)
    791.78 seconds: ME NNI round 2 of 40, 1001 of 1056 splits, 99 changes (max delta 0.015)
    791.88 seconds: ME NNI round 3 of 40, 501 of 1056 splits, 35 changes (max delta 0.011)
    791.99 seconds: ME NNI round 4 of 40, 301 of 1056 splits, 18 changes (max delta 0.024)
    792.09 seconds: ME NNI round 7 of 40, 1 of 1056 splits
    792.27 seconds: SPR round   1 of   2, 1 of 2114 nodes
    793.77 seconds: SPR round   1 of   2, 101 of 2114 nodes
    795.80 seconds: SPR round   1 of   2, 201 of 2114 nodes
    796.77 seconds: SPR round   1 of   2, 301 of 2114 nodes
    797.77 seconds: SPR round   1 of   2, 401 of 2114 nodes
    799.08 seconds: SPR round   1 of   2, 501 of 2114 nodes
    801.17 seconds: SPR round   1 of   2, 601 of 2114 nodes
    804.92 seconds: SPR round   1 of   2, 701 of 2114 nodes
    807.82 seconds: SPR round   1 of   2, 801 of 2114 nodes
    810.67 seconds: SPR round   1 of   2, 901 of 2114 nodes
    812.52 seconds: SPR round   1 of   2, 1001 of 2114 nodes
    814.64 seconds: SPR round   1 of   2, 1101 of 2114 nodes
    816.60 seconds: SPR round   1 of   2, 1201 of 2114 nodes
    817.53 seconds: SPR round   1 of   2, 1301 of 2114 nodes
    819.59 seconds: SPR round   1 of   2, 1401 of 2114 nodes
    821.82 seconds: SPR round   1 of   2, 1501 of 2114 nodes
    823.62 seconds: SPR round   1 of   2, 1601 of 2114 nodes
    825.29 seconds: SPR round   1 of   2, 1701 of 2114 nodes
    826.71 seconds: SPR round   1 of   2, 1801 of 2114 nodes
    829.90 seconds: SPR round   1 of   2, 1901 of 2114 nodes
    831.84 seconds: SPR round   1 of   2, 2101 of 2114 nodes
    831.96 seconds: ME NNI round 14 of 40, 1 of 1056 splits
    832.06 seconds: ME NNI round 14 of 40, 801 of 1056 splits, 9 changes (max delta 0.001)
    832.17 seconds: ME NNI round 15 of 40, 601 of 1056 splits, 1 changes (max delta 0.000)
    832.43 seconds: SPR round   2 of   2, 1 of 2114 nodes
    833.61 seconds: SPR round   2 of   2, 101 of 2114 nodes
    835.00 seconds: SPR round   2 of   2, 201 of 2114 nodes
    835.79 seconds: SPR round   2 of   2, 301 of 2114 nodes
    836.62 seconds: SPR round   2 of   2, 401 of 2114 nodes
    838.02 seconds: SPR round   2 of   2, 501 of 2114 nodes
    839.65 seconds: SPR round   2 of   2, 601 of 2114 nodes
    841.23 seconds: SPR round   2 of   2, 701 of 2114 nodes
    843.59 seconds: SPR round   2 of   2, 801 of 2114 nodes
    846.66 seconds: SPR round   2 of   2, 901 of 2114 nodes
    848.24 seconds: SPR round   2 of   2, 1001 of 2114 nodes
    849.83 seconds: SPR round   2 of   2, 1101 of 2114 nodes
    851.60 seconds: SPR round   2 of   2, 1201 of 2114 nodes
    852.43 seconds: SPR round   2 of   2, 1301 of 2114 nodes
    853.74 seconds: SPR round   2 of   2, 1401 of 2114 nodes
    855.36 seconds: SPR round   2 of   2, 1501 of 2114 nodes
    858.28 seconds: SPR round   2 of   2, 1601 of 2114 nodes
    859.39 seconds: SPR round   2 of   2, 1701 of 2114 nodes
    860.36 seconds: SPR round   2 of   2, 1801 of 2114 nodes
    861.77 seconds: SPR round   2 of   2, 1901 of 2114 nodes
    863.74 seconds: SPR round   2 of   2, 2001 of 2114 nodes
    864.95 seconds: SPR round   2 of   2, 2101 of 2114 nodes
    865.07 seconds: ME NNI round 27 of 40, 1 of 1056 splits
    865.18 seconds: ME NNI round 27 of 40, 901 of 1056 splits, 0 changes
Total branch-length 32.366 after 865.35 sec
    865.37 seconds: ML Lengths 1 of 1056 splits
    865.56 seconds: ML Lengths 201 of 1056 splits
    865.73 seconds: ML Lengths 401 of 1056 splits
    865.91 seconds: ML Lengths 601 of 1056 splits
    866.10 seconds: ML Lengths 801 of 1056 splits
    866.28 seconds: ML Lengths 1001 of 1056 splits
    867.14 seconds: ML NNI round 1 of 20, 101 of 1056 splits, 14 changes (max delta 14.303)
    867.50 seconds: ML NNI round 1 of 20, 201 of 1056 splits, 28 changes (max delta 14.303)
    867.90 seconds: ML NNI round 1 of 20, 301 of 1056 splits, 51 changes (max delta 14.303)
    868.36 seconds: ML NNI round 1 of 20, 401 of 1056 splits, 75 changes (max delta 14.303)
    868.76 seconds: ML NNI round 1 of 20, 501 of 1056 splits, 99 changes (max delta 14.303)
    869.44 seconds: ML NNI round 1 of 20, 601 of 1056 splits, 122 changes (max delta 20.840)
    869.76 seconds: ML NNI round 1 of 20, 701 of 1056 splits, 137 changes (max delta 23.985)
    870.15 seconds: ML NNI round 1 of 20, 801 of 1056 splits, 155 changes (max delta 23.985)
    870.52 seconds: ML NNI round 1 of 20, 901 of 1056 splits, 175 changes (max delta 23.985)
    870.94 seconds: ML NNI round 1 of 20, 1001 of 1056 splits, 192 changes (max delta 23.985)
ML-NNI round 1: LogLk = -284294.625 NNIs 200 max delta 23.98 Time 871.14
    871.14 seconds: Optimizing GTR model, step 1 of 12
    872.08 seconds: Optimizing GTR model, step 2 of 12
    873.41 seconds: Optimizing GTR model, step 3 of 12
    875.65 seconds: Optimizing GTR model, step 4 of 12
    876.36 seconds: Optimizing GTR model, step 5 of 12
    878.57 seconds: Optimizing GTR model, step 6 of 12
    880.80 seconds: Optimizing GTR model, step 7 of 12
    881.54 seconds: Optimizing GTR model, step 8 of 12
    882.38 seconds: Optimizing GTR model, step 9 of 12
    883.26 seconds: Optimizing GTR model, step 10 of 12
    883.99 seconds: Optimizing GTR model, step 11 of 12
    884.87 seconds: Optimizing GTR model, step 12 of 12
GTR Frequencies: 0.3115 0.2885 0.4000 0.0000
GTR rates(ac ag at cg ct gt) 22.6011 42.7828 1.0000 22.6031 1.0000 1.0000
    885.81 seconds: ML Lengths 1 of 1056 splits
    885.95 seconds: ML Lengths 101 of 1056 splits
    886.09 seconds: ML Lengths 201 of 1056 splits
    886.22 seconds: ML Lengths 301 of 1056 splits
    886.36 seconds: ML Lengths 401 of 1056 splits
    886.49 seconds: ML Lengths 501 of 1056 splits
    886.63 seconds: ML Lengths 601 of 1056 splits
    886.76 seconds: ML Lengths 701 of 1056 splits
    886.90 seconds: ML Lengths 801 of 1056 splits
    887.03 seconds: ML Lengths 901 of 1056 splits
    887.17 seconds: ML Lengths 1001 of 1056 splits
    887.33 seconds: Site likelihoods with rate category 1 of 20
    887.50 seconds: Site likelihoods with rate category 3 of 20
    887.68 seconds: Site likelihoods with rate category 5 of 20
    887.85 seconds: Site likelihoods with rate category 7 of 20
    888.02 seconds: Site likelihoods with rate category 9 of 20
    888.18 seconds: Site likelihoods with rate category 11 of 20
    888.35 seconds: Site likelihoods with rate category 13 of 20
    888.52 seconds: Site likelihoods with rate category 15 of 20
    888.69 seconds: Site likelihoods with rate category 17 of 20
    888.86 seconds: Site likelihoods with rate category 19 of 20
Switched to using 20 rate categories (CAT approximation)
Rate categories were divided by 1.231 so that average rate = 1.0
CAT-based log-likelihoods may not be comparable across runs
    889.08 seconds: ML NNI round 2 of 20, 1 of 1056 splits
    890.25 seconds: ML NNI round 2 of 20, 101 of 1056 splits, 11 changes (max delta 6.754)
    891.88 seconds: ML NNI round 2 of 20, 201 of 1056 splits, 24 changes (max delta 6.754)
    892.56 seconds: ML NNI round 2 of 20, 301 of 1056 splits, 41 changes (max delta 6.768)
    893.45 seconds: ML NNI round 2 of 20, 401 of 1056 splits, 53 changes (max delta 8.068)
    895.51 seconds: ML NNI round 2 of 20, 601 of 1056 splits, 80 changes (max delta 11.402)
    896.34 seconds: ML NNI round 2 of 20, 701 of 1056 splits, 100 changes (max delta 11.402)
    897.01 seconds: ML NNI round 2 of 20, 801 of 1056 splits, 110 changes (max delta 11.402)
    897.84 seconds: ML NNI round 2 of 20, 901 of 1056 splits, 120 changes (max delta 11.402)
    898.59 seconds: ML NNI round 2 of 20, 1001 of 1056 splits, 128 changes (max delta 11.402)
ML-NNI round 2: LogLk = -206382.785 NNIs 139 max delta 11.40 Time 899.02
    899.01 seconds: ML NNI round 3 of 20, 1 of 1056 splits
    899.84 seconds: ML NNI round 3 of 20, 101 of 1056 splits, 5 changes (max delta 7.196)
    900.64 seconds: ML NNI round 3 of 20, 201 of 1056 splits, 11 changes (max delta 7.196)
    901.42 seconds: ML NNI round 3 of 20, 301 of 1056 splits, 18 changes (max delta 7.196)
    902.56 seconds: ML NNI round 3 of 20, 401 of 1056 splits, 24 changes (max delta 7.640)
    903.32 seconds: ML NNI round 3 of 20, 501 of 1056 splits, 32 changes (max delta 7.640)
    904.19 seconds: ML NNI round 3 of 20, 601 of 1056 splits, 36 changes (max delta 10.399)
    905.01 seconds: ML NNI round 3 of 20, 701 of 1056 splits, 45 changes (max delta 10.399)
ML-NNI round 3: LogLk = -206266.459 NNIs 52 max delta 10.40 Time 905.65
    905.64 seconds: ML NNI round 4 of 20, 1 of 1056 splits
    906.62 seconds: ML NNI round 4 of 20, 101 of 1056 splits, 4 changes (max delta 14.854)
    907.49 seconds: ML NNI round 4 of 20, 201 of 1056 splits, 9 changes (max delta 14.854)
    908.24 seconds: ML NNI round 4 of 20, 301 of 1056 splits, 13 changes (max delta 14.854)
    909.13 seconds: ML NNI round 4 of 20, 401 of 1056 splits, 16 changes (max delta 14.854)
    909.83 seconds: ML NNI round 4 of 20, 501 of 1056 splits, 19 changes (max delta 14.854)
ML-NNI round 4: LogLk = -206210.763 NNIs 19 max delta 14.85 Time 910.35
    910.35 seconds: ML NNI round 5 of 20, 1 of 1056 splits
    911.97 seconds: ML NNI round 5 of 20, 201 of 1056 splits, 4 changes (max delta 3.677)
ML-NNI round 5: LogLk = -206201.851 NNIs 5 max delta 3.68 Time 912.52
    912.52 seconds: ML NNI round 6 of 20, 1 of 1056 splits
    913.45 seconds: ML NNI round 6 of 20, 101 of 1056 splits, 1 changes (max delta 1.149)
ML-NNI round 6: LogLk = -206196.360 NNIs 2 max delta 3.75 Time 914.40
    914.39 seconds: ML NNI round 7 of 20, 1 of 1056 splits
ML-NNI round 7: LogLk = -206189.880 NNIs 2 max delta 5.68 Time 916.21
    916.20 seconds: ML NNI round 8 of 20, 1 of 1056 splits
ML-NNI round 8: LogLk = -206189.844 NNIs 0 max delta 0.00 Time 916.45
Turning off heuristics for final round of ML NNIs (converged)
    916.44 seconds: ML NNI round 9 of 20, 1 of 1056 splits
    917.13 seconds: ML NNI round 9 of 20, 101 of 1056 splits, 0 changes
    918.13 seconds: ML NNI round 9 of 20, 201 of 1056 splits, 0 changes
    920.06 seconds: ML NNI round 9 of 20, 301 of 1056 splits, 1 changes (max delta 0.016)
    921.83 seconds: ML NNI round 9 of 20, 401 of 1056 splits, 2 changes (max delta 0.016)
    922.78 seconds: ML NNI round 9 of 20, 501 of 1056 splits, 2 changes (max delta 0.016)
    923.45 seconds: ML NNI round 9 of 20, 601 of 1056 splits, 7 changes (max delta 5.733)
    924.43 seconds: ML NNI round 9 of 20, 701 of 1056 splits, 7 changes (max delta 5.733)
    924.99 seconds: ML NNI round 9 of 20, 801 of 1056 splits, 7 changes (max delta 5.733)
    925.71 seconds: ML NNI round 9 of 20, 901 of 1056 splits, 7 changes (max delta 5.733)
    926.51 seconds: ML NNI round 9 of 20, 1001 of 1056 splits, 8 changes (max delta 5.733)
ML-NNI round 9: LogLk = -206170.678 NNIs 8 max delta 5.73 Time 926.95 (final)
    926.95 seconds: ML Lengths 1 of 1056 splits
    927.09 seconds: ML Lengths 101 of 1056 splits
    927.22 seconds: ML Lengths 201 of 1056 splits
    927.35 seconds: ML Lengths 301 of 1056 splits
    927.49 seconds: ML Lengths 401 of 1056 splits
    927.62 seconds: ML Lengths 501 of 1056 splits
    927.75 seconds: ML Lengths 601 of 1056 splits
    927.89 seconds: ML Lengths 701 of 1056 splits
    928.02 seconds: ML Lengths 801 of 1056 splits
    928.16 seconds: ML Lengths 901 of 1056 splits
    928.29 seconds: ML Lengths 1001 of 1056 splits
Optimize all lengths: LogLk = -206169.469 Time 928.39
    930.71 seconds: ML split tests for    100 of   1055 internal splits
    931.30 seconds: ML split tests for    200 of   1055 internal splits
    931.95 seconds: ML split tests for    300 of   1055 internal splits
    932.72 seconds: ML split tests for    400 of   1055 internal splits
    933.35 seconds: ML split tests for    500 of   1055 internal splits
    933.93 seconds: ML split tests for    600 of   1055 internal splits
    934.58 seconds: ML split tests for    700 of   1055 internal splits
    935.35 seconds: ML split tests for    800 of   1055 internal splits
    935.95 seconds: ML split tests for    900 of   1055 internal splits
    936.58 seconds: ML split tests for   1000 of   1055 internal splits
    937.08 seconds: Site likelihoods with rate category 1 of 20
    937.26 seconds: Site likelihoods with rate category 3 of 20
    937.44 seconds: Site likelihoods with rate category 5 of 20
    937.62 seconds: Site likelihoods with rate category 7 of 20
    937.80 seconds: Site likelihoods with rate category 9 of 20
    937.99 seconds: Site likelihoods with rate category 11 of 20
    938.17 seconds: Site likelihoods with rate category 13 of 20
    938.35 seconds: Site likelihoods with rate category 15 of 20
    938.52 seconds: Site likelihoods with rate category 17 of 20
    938.70 seconds: Site likelihoods with rate category 19 of 20
    938.86 seconds: Optimizing alpha round 1
Gamma(20) LogLk = -208706.051 alpha = 0.248 rescaling lengths by 1.148
Total time: 938.89 seconds Unique: 1058/1058 Bad splits: 2/1055 Worst delta-LogLk 1.324
