
RAxML-NG v. 1.1.0 released on 29.11.2021 by The Exelixis Lab.
Developed by: Alexey M. Kozlov and Alexandros Stamatakis.
Contributors: Diego Darriba, Tomas Flouri, Benoit Morel, Sarah Lutteropp, Ben Bettisworth.
Latest version: https://github.com/amkozlov/raxml-ng
Questions/problems/suggestions? Please visit: https://groups.google.com/forum/#!forum/raxml

System: Intel(R) Xeon(R) Platinum 8160 CPU @ 2.10GHz, 96 cores, 503 GB RAM

RAxML-NG was called at 03-Feb-2023 20:27:57 as follows:

raxml-ng --redo --threads 190 --all --msa coral-microbiome.aln --model GTR+G --tip-inner --rate-scalers --bs-trees autoMRE --seed 123456 --prefix coral-microbiome-raxml-ng

Analysis options:
  run mode: ML tree search + bootstrapping (Felsenstein Bootstrap)
  start tree(s): random (10) + parsimony (10)
  bootstrap replicates: max: 1000 + bootstopping (autoMRE, cutoff: 0.030000)
  random seed: 123456
  tip-inner: ON
  pattern compression: ON
  per-rate scalers: OFF
  site repeats: OFF
  branch lengths: proportional (ML estimate, algorithm: NR-FAST)
  SIMD kernels: AVX2
  parallelization: coarse-grained (auto), PTHREADS (190 threads), thread pinning: OFF

WARNING: Running in REDO mode: existing checkpoints are ignored, and all result files will be overwritten!

[00:00:00] Reading alignment from file: coral-microbiome.aln
[00:00:00] Loaded alignment with 1058 taxa and 2547 sites

WARNING: Fully undetermined columns found: 2

NOTE: Reduced alignment (with duplicates and gap-only sites/taxa removed) 
NOTE: was saved to: /data/projects/coral-microbiome-review/tree/coral-microbiome-raxml-ng.raxml.reduced.phy

Alignment comprises 1 partitions and 1947 patterns

Partition 0: noname
Model: GTR+FO+G4m
Alignment sites / patterns: 2545 / 1947
Gaps: 41.65 %
Invariant sites: 33.91 %


NOTE: Binary MSA file created: coral-microbiome-raxml-ng.raxml.rba

Parallelization scheme autoconfig: 95 worker(s) x 2 thread(s)

Parallel reduction/worker buffer size: 2 KB  / 0 KB

[00:00:00] Generating 10 random starting tree(s) with 1058 taxa
[00:00:00] Generating 10 parsimony starting tree(s) with 1058 taxa
[00:00:08] Data distribution: max. partitions/sites/weight per thread: 1 / 974 / 15584
[00:00:09] Data distribution: max. searches per worker: 12

Starting ML tree search with 20 distinct starting trees

[06:52:28] [worker #6] ML tree search #7, logLikelihood: -410114.354074
[13:10:09] [worker #12] ML tree search #13, logLikelihood: -410206.612285
[14:42:54] [worker #14] ML tree search #15, logLikelihood: -410243.896527
[14:44:14] [worker #1] ML tree search #2, logLikelihood: -410184.168442
[15:05:29] [worker #11] ML tree search #12, logLikelihood: -410223.714053
[15:14:14] [worker #15] ML tree search #16, logLikelihood: -410167.880717
[15:33:27] [worker #16] ML tree search #17, logLikelihood: -410198.611186
[15:35:37] [worker #2] ML tree search #3, logLikelihood: -410168.728334
[15:42:36] [worker #18] ML tree search #19, logLikelihood: -410178.701881
[15:59:43] [worker #9] ML tree search #10, logLikelihood: -410120.953862
[16:05:54] [worker #5] ML tree search #6, logLikelihood: -410156.702670
[16:09:10] [worker #17] ML tree search #18, logLikelihood: -410117.360106
[16:12:08] [worker #13] ML tree search #14, logLikelihood: -410238.066136
[16:20:11] [worker #4] ML tree search #5, logLikelihood: -410146.633751
[16:26:22] [worker #3] ML tree search #4, logLikelihood: -410153.115790
[16:31:08] [worker #8] ML tree search #9, logLikelihood: -410232.523900
[16:32:54] [worker #10] ML tree search #11, logLikelihood: -410133.514883
[17:13:10] [worker #19] ML tree search #20, logLikelihood: -410210.249838
[17:28:32] [worker #7] ML tree search #8, logLikelihood: -410135.059527
[18:39:19] [worker #0] ML tree search #1, logLikelihood: -410149.501346

[18:39:19] ML tree search completed, best tree logLH: -410114.354074

[18:39:19] Starting bootstrapping analysis with 1000 replicates.

[25:45:31] [worker #5] Bootstrap tree #6, logLikelihood: -404723.503724
[27:28:12] [worker #7] Bootstrap tree #8, logLikelihood: -394482.900783
[29:24:01] [worker #3] Bootstrap tree #4, logLikelihood: -416293.033622
[30:11:32] [worker #19] Bootstrap tree #20, logLikelihood: -400525.191977
[30:15:17] [worker #4] Bootstrap tree #5, logLikelihood: -405667.499235
[30:41:47] [worker #77] Bootstrap tree #78, logLikelihood: -406087.013776
[30:51:07] [worker #34] Bootstrap tree #35, logLikelihood: -399062.726018
[31:20:33] [worker #84] Bootstrap tree #85, logLikelihood: -395867.066071
[31:39:58] [worker #46] Bootstrap tree #47, logLikelihood: -380851.037018
[32:21:30] [worker #29] Bootstrap tree #30, logLikelihood: -409625.543796
[32:31:03] [worker #52] Bootstrap tree #53, logLikelihood: -402867.470980
[32:49:07] [worker #13] Bootstrap tree #14, logLikelihood: -405654.248593
[33:19:29] [worker #20] Bootstrap tree #21, logLikelihood: -399354.016192
[33:26:43] [worker #2] Bootstrap tree #3, logLikelihood: -405563.398390
[33:27:09] [worker #14] Bootstrap tree #15, logLikelihood: -409292.572144
[33:27:42] [worker #8] Bootstrap tree #9, logLikelihood: -423342.945631
[33:29:17] [worker #16] Bootstrap tree #17, logLikelihood: -405927.031010
[33:43:24] [worker #28] Bootstrap tree #29, logLikelihood: -422638.699705
[33:44:50] [worker #15] Bootstrap tree #16, logLikelihood: -423058.524183
[34:07:56] [worker #39] Bootstrap tree #40, logLikelihood: -436569.764515
[34:14:21] [worker #58] Bootstrap tree #59, logLikelihood: -404097.164587
[34:17:04] [worker #71] Bootstrap tree #72, logLikelihood: -382456.114253
[34:20:38] [worker #90] Bootstrap tree #91, logLikelihood: -403070.452625
[34:39:07] [worker #69] Bootstrap tree #70, logLikelihood: -393172.761878
[34:41:39] [worker #6] Bootstrap tree #7, logLikelihood: -402507.468481
[34:52:25] [worker #12] Bootstrap tree #13, logLikelihood: -389965.365281
[34:53:45] [worker #63] Bootstrap tree #64, logLikelihood: -389422.785563
[34:54:21] [worker #68] Bootstrap tree #69, logLikelihood: -403427.677273
[34:59:52] [worker #56] Bootstrap tree #57, logLikelihood: -416578.061116
[35:07:33] [worker #66] Bootstrap tree #67, logLikelihood: -408769.297653
[35:16:46] [worker #73] Bootstrap tree #74, logLikelihood: -404313.918088
[35:17:42] [worker #31] Bootstrap tree #32, logLikelihood: -413582.448852
[35:21:30] [worker #37] Bootstrap tree #38, logLikelihood: -411568.905306
[35:30:29] [worker #78] Bootstrap tree #79, logLikelihood: -411728.998412
[35:32:05] [worker #18] Bootstrap tree #19, logLikelihood: -397685.236133
[35:35:11] [worker #89] Bootstrap tree #90, logLikelihood: -402802.982131
[35:49:45] [worker #1] Bootstrap tree #2, logLikelihood: -430493.604989
[35:49:45] [worker #40] Bootstrap tree #41, logLikelihood: -385015.180840
[35:51:28] [worker #65] Bootstrap tree #66, logLikelihood: -399172.834141
[35:53:26] [worker #24] Bootstrap tree #25, logLikelihood: -424678.693234
[35:54:42] [worker #9] Bootstrap tree #10, logLikelihood: -406350.901394
[36:02:29] [worker #59] Bootstrap tree #60, logLikelihood: -420706.016542
[36:10:47] [worker #10] Bootstrap tree #11, logLikelihood: -367248.946293
[36:12:27] [worker #61] Bootstrap tree #62, logLikelihood: -409381.552900
[36:15:45] [worker #60] Bootstrap tree #61, logLikelihood: -397388.058260
[36:21:01] [worker #48] Bootstrap tree #49, logLikelihood: -396735.991310
[36:37:38] [worker #83] Bootstrap tree #84, logLikelihood: -422772.630128
[36:39:12] [worker #70] Bootstrap tree #71, logLikelihood: -421707.632675
[36:47:15] [worker #85] Bootstrap tree #86, logLikelihood: -400764.745062
[36:49:35] [worker #93] Bootstrap tree #94, logLikelihood: -389317.987823
[36:49:58] [worker #50] Bootstrap tree #51, logLikelihood: -428635.560968
[36:52:17] [worker #25] Bootstrap tree #26, logLikelihood: -416134.441790
[36:55:57] [worker #80] Bootstrap tree #81, logLikelihood: -393364.487954
[36:59:08] [worker #82] Bootstrap tree #83, logLikelihood: -411044.645259
[37:05:30] [worker #49] Bootstrap tree #50, logLikelihood: -390289.643026
[37:05:34] [worker #45] Bootstrap tree #46, logLikelihood: -390988.099445
[37:06:23] [worker #44] Bootstrap tree #45, logLikelihood: -419976.486559
[37:17:31] [worker #57] Bootstrap tree #58, logLikelihood: -390953.455239
[37:21:19] [worker #55] Bootstrap tree #56, logLikelihood: -418192.956850
[37:30:52] [worker #62] Bootstrap tree #63, logLikelihood: -408814.581339
[37:37:30] [worker #92] Bootstrap tree #93, logLikelihood: -401248.919088
[37:38:47] [worker #51] Bootstrap tree #52, logLikelihood: -404161.769123
[37:41:01] [worker #33] Bootstrap tree #34, logLikelihood: -432470.525867
[37:47:44] [worker #32] Bootstrap tree #33, logLikelihood: -406478.714155
[37:49:11] [worker #30] Bootstrap tree #31, logLikelihood: -376800.638989
[38:10:07] [worker #27] Bootstrap tree #28, logLikelihood: -412463.761323
[38:13:16] [worker #81] Bootstrap tree #82, logLikelihood: -407428.593133
[38:26:51] [worker #35] Bootstrap tree #36, logLikelihood: -416750.971268
[38:29:30] [worker #22] Bootstrap tree #23, logLikelihood: -397057.215030
[38:30:15] [worker #67] Bootstrap tree #68, logLikelihood: -419789.654911
[38:38:39] [worker #72] Bootstrap tree #73, logLikelihood: -403059.038605
[38:51:15] [worker #54] Bootstrap tree #55, logLikelihood: -386085.439043
[38:55:19] [worker #88] Bootstrap tree #89, logLikelihood: -409155.121174
[39:09:33] [worker #41] Bootstrap tree #42, logLikelihood: -418273.862218
[39:14:45] [worker #75] Bootstrap tree #76, logLikelihood: -402355.979988
[39:14:57] [worker #87] Bootstrap tree #88, logLikelihood: -401124.463804
[39:27:24] [worker #91] Bootstrap tree #92, logLikelihood: -406938.595196
[39:34:19] [worker #17] Bootstrap tree #18, logLikelihood: -411296.536673
[39:34:32] [worker #64] Bootstrap tree #65, logLikelihood: -407924.608428
[39:37:44] [worker #23] Bootstrap tree #24, logLikelihood: -416213.846821
[39:38:24] [worker #79] Bootstrap tree #80, logLikelihood: -411538.314779
[39:56:24] [worker #36] Bootstrap tree #37, logLikelihood: -384986.095980
[40:06:47] [worker #7] Bootstrap tree #103, logLikelihood: -418920.086309
[40:32:17] [worker #3] Bootstrap tree #99, logLikelihood: -414993.896320
[40:40:13] [worker #43] Bootstrap tree #44, logLikelihood: -407949.961468
[41:01:40] [worker #5] Bootstrap tree #101, logLikelihood: -408437.268008
[41:18:44] [worker #11] Bootstrap tree #12, logLikelihood: -408449.818025
[41:21:03] [worker #74] Bootstrap tree #75, logLikelihood: -404964.324902
[41:43:39] [worker #76] Bootstrap tree #77, logLikelihood: -387035.223005
[41:46:06] [worker #94] Bootstrap tree #95, logLikelihood: -394856.046152
[41:47:13] [worker #53] Bootstrap tree #54, logLikelihood: -436322.128518
[41:51:11] [worker #19] Bootstrap tree #115, logLikelihood: -398477.134328
